{"numTotalTestSuites":10,"numPassedTestSuites":4,"numFailedTestSuites":6,"numPendingTestSuites":0,"numTotalTests":22,"numPassedTests":12,"numFailedTests":10,"numPendingTests":0,"numTodoTests":0,"snapshot":{"added":0,"failure":false,"filesAdded":0,"filesRemoved":0,"filesRemovedList":[],"filesUnmatched":0,"filesUpdated":0,"matched":0,"total":0,"unchecked":0,"uncheckedKeysByFile":[],"unmatched":0,"updated":0,"didUpdate":false},"startTime":1770375447660,"success":false,"testResults":[{"assertionResults":[{"ancestorTitles":["🔥 Smoke Tests - Critical User Flows","🔐 Authentication Flow"],"fullName":"🔥 Smoke Tests - Critical User Flows 🔐 Authentication Flow should register new vendor account","status":"failed","title":"should register new vendor account","duration":2333.364958,"failureMessages":["AssertionError: expected { user: { …(13) }, tokens: { …(3) } } to have property \"accessToken\"\n    at /Users/sadoway/Documents/VS Code/rumfor 2026/rumfor-vpopcan/rumfor-market-tracker/tests/smoke.test.ts:79:25\n    at processTicksAndRejections (node:internal/process/task_queues:103:5)\n    at file:///Users/sadoway/Documents/VS%20Code/rumfor%202026/rumfor-vpopcan/rumfor-market-tracker/node_modules/@vitest/runner/dist/index.js:915:20"],"meta":{}},{"ancestorTitles":["🔥 Smoke Tests - Critical User Flows","🔐 Authentication Flow"],"fullName":"🔥 Smoke Tests - Critical User Flows 🔐 Authentication Flow should login as vendor","status":"failed","title":"should login as vendor","duration":72.8592920000001,"failureMessages":["AssertionError: expected 401 to be 200 // Object.is equality\n    at /Users/sadoway/Documents/VS Code/rumfor 2026/rumfor-vpopcan/rumfor-market-tracker/tests/smoke.test.ts:91:31\n    at processTicksAndRejections (node:internal/process/task_queues:103:5)\n    at file:///Users/sadoway/Documents/VS%20Code/rumfor%202026/rumfor-vpopcan/rumfor-market-tracker/node_modules/@vitest/runner/dist/index.js:915:20"],"meta":{}},{"ancestorTitles":["🔥 Smoke Tests - Critical User Flows","🔐 Authentication Flow"],"fullName":"🔥 Smoke Tests - Critical User Flows 🔐 Authentication Flow should login as promoter","status":"failed","title":"should login as promoter","duration":68.49983400000019,"failureMessages":["AssertionError: expected 401 to be 200 // Object.is equality\n    at /Users/sadoway/Documents/VS Code/rumfor 2026/rumfor-vpopcan/rumfor-market-tracker/tests/smoke.test.ts:109:31\n    at processTicksAndRejections (node:internal/process/task_queues:103:5)\n    at file:///Users/sadoway/Documents/VS%20Code/rumfor%202026/rumfor-vpopcan/rumfor-market-tracker/node_modules/@vitest/runner/dist/index.js:915:20"],"meta":{}},{"ancestorTitles":["🔥 Smoke Tests - Critical User Flows","🔐 Authentication Flow"],"fullName":"🔥 Smoke Tests - Critical User Flows 🔐 Authentication Flow should get current user profile","status":"failed","title":"should get current user profile","duration":1.565458000000035,"failureMessages":["AssertionError: expected 401 to be 200 // Object.is equality\n    at /Users/sadoway/Documents/VS Code/rumfor 2026/rumfor-vpopcan/rumfor-market-tracker/tests/smoke.test.ts:124:31\n    at processTicksAndRejections (node:internal/process/task_queues:103:5)\n    at file:///Users/sadoway/Documents/VS%20Code/rumfor%202026/rumfor-vpopcan/rumfor-market-tracker/node_modules/@vitest/runner/dist/index.js:915:20"],"meta":{}},{"ancestorTitles":["🔥 Smoke Tests - Critical User Flows","🔐 Authentication Flow"],"fullName":"🔥 Smoke Tests - Critical User Flows 🔐 Authentication Flow should reject invalid credentials","status":"passed","title":"should reject invalid credentials","duration":66.13912500000015,"failureMessages":[],"meta":{}},{"ancestorTitles":["🔥 Smoke Tests - Critical User Flows","🏪 Markets Browsing"],"fullName":"🔥 Smoke Tests - Critical User Flows 🏪 Markets Browsing should fetch all markets","status":"passed","title":"should fetch all markets","duration":915.6221670000004,"failureMessages":[],"meta":{}},{"ancestorTitles":["🔥 Smoke Tests - Critical User Flows","🏪 Markets Browsing"],"fullName":"🔥 Smoke Tests - Critical User Flows 🏪 Markets Browsing should fetch market by ID","status":"passed","title":"should fetch market by ID","duration":215.02000000000044,"failureMessages":[],"meta":{}},{"ancestorTitles":["🔥 Smoke Tests - Critical User Flows","🏪 Markets Browsing"],"fullName":"🔥 Smoke Tests - Critical User Flows 🏪 Markets Browsing should search markets","status":"passed","title":"should search markets","duration":591.568792,"failureMessages":[],"meta":{}},{"ancestorTitles":["🔥 Smoke Tests - Critical User Flows","🏪 Markets Browsing"],"fullName":"🔥 Smoke Tests - Critical User Flows 🏪 Markets Browsing should filter markets by category","status":"passed","title":"should filter markets by category","duration":413.2708330000005,"failureMessages":[],"meta":{}},{"ancestorTitles":["🔥 Smoke Tests - Critical User Flows","📌 Market Tracking (Vendor Flow)"],"fullName":"🔥 Smoke Tests - Critical User Flows 📌 Market Tracking (Vendor Flow) should get vendor tracked markets (authenticated)","status":"failed","title":"should get vendor tracked markets (authenticated)","duration":1.696708999999828,"failureMessages":["AssertionError: expected 401 to be 200 // Object.is equality\n    at /Users/sadoway/Documents/VS Code/rumfor 2026/rumfor-vpopcan/rumfor-market-tracker/tests/smoke.test.ts:201:31\n    at processTicksAndRejections (node:internal/process/task_queues:103:5)\n    at file:///Users/sadoway/Documents/VS%20Code/rumfor%202026/rumfor-vpopcan/rumfor-market-tracker/node_modules/@vitest/runner/dist/index.js:915:20"],"meta":{}},{"ancestorTitles":["🔥 Smoke Tests - Critical User Flows","📌 Market Tracking (Vendor Flow)"],"fullName":"🔥 Smoke Tests - Critical User Flows 📌 Market Tracking (Vendor Flow) should track a market","status":"failed","title":"should track a market","duration":1.3572919999996884,"failureMessages":["AssertionError: expected 401 to be less than 400\n    at /Users/sadoway/Documents/VS Code/rumfor 2026/rumfor-vpopcan/rumfor-market-tracker/tests/smoke.test.ts:222:31\n    at processTicksAndRejections (node:internal/process/task_queues:103:5)\n    at file:///Users/sadoway/Documents/VS%20Code/rumfor%202026/rumfor-vpopcan/rumfor-market-tracker/node_modules/@vitest/runner/dist/index.js:915:20"],"meta":{}},{"ancestorTitles":["🔥 Smoke Tests - Critical User Flows","📌 Market Tracking (Vendor Flow)"],"fullName":"🔥 Smoke Tests - Critical User Flows 📌 Market Tracking (Vendor Flow) should untrack a market","status":"failed","title":"should untrack a market","duration":0.8661670000001322,"failureMessages":["AssertionError: expected 401 to be less than 400\n    at /Users/sadoway/Documents/VS Code/rumfor 2026/rumfor-vpopcan/rumfor-market-tracker/tests/smoke.test.ts:240:31\n    at processTicksAndRejections (node:internal/process/task_queues:103:5)\n    at file:///Users/sadoway/Documents/VS%20Code/rumfor%202026/rumfor-vpopcan/rumfor-market-tracker/node_modules/@vitest/runner/dist/index.js:915:20"],"meta":{}},{"ancestorTitles":["🔥 Smoke Tests - Critical User Flows","📝 Application Flow"],"fullName":"🔥 Smoke Tests - Critical User Flows 📝 Application Flow should get market applications (vendor)","status":"failed","title":"should get market applications (vendor)","duration":0.8361670000003869,"failureMessages":["AssertionError: expected 401 to be 200 // Object.is equality\n    at /Users/sadoway/Documents/VS Code/rumfor 2026/rumfor-vpopcan/rumfor-market-tracker/tests/smoke.test.ts:254:31\n    at processTicksAndRejections (node:internal/process/task_queues:103:5)\n    at file:///Users/sadoway/Documents/VS%20Code/rumfor%202026/rumfor-vpopcan/rumfor-market-tracker/node_modules/@vitest/runner/dist/index.js:915:20"],"meta":{}},{"ancestorTitles":["🔥 Smoke Tests - Critical User Flows","⚡ Performance Tests"],"fullName":"🔥 Smoke Tests - Critical User Flows ⚡ Performance Tests should respond to /markets endpoint in <500ms","status":"failed","title":"should respond to /markets endpoint in <500ms","duration":570.1430839999994,"failureMessages":["AssertionError: expected 569 to be less than 500\n    at /Users/sadoway/Documents/VS Code/rumfor 2026/rumfor-vpopcan/rumfor-market-tracker/tests/smoke.test.ts:267:24\n    at processTicksAndRejections (node:internal/process/task_queues:103:5)\n    at file:///Users/sadoway/Documents/VS%20Code/rumfor%202026/rumfor-vpopcan/rumfor-market-tracker/node_modules/@vitest/runner/dist/index.js:915:20"],"meta":{}},{"ancestorTitles":["🔥 Smoke Tests - Critical User Flows","⚡ Performance Tests"],"fullName":"🔥 Smoke Tests - Critical User Flows ⚡ Performance Tests should respond to /my/markets endpoint in <500ms","status":"failed","title":"should respond to /my/markets endpoint in <500ms","duration":1.5490829999998823,"failureMessages":["AssertionError: expected 401 to be 200 // Object.is equality\n    at /Users/sadoway/Documents/VS Code/rumfor 2026/rumfor-vpopcan/rumfor-market-tracker/tests/smoke.test.ts:280:31\n    at processTicksAndRejections (node:internal/process/task_queues:103:5)\n    at file:///Users/sadoway/Documents/VS%20Code/rumfor%202026/rumfor-vpopcan/rumfor-market-tracker/node_modules/@vitest/runner/dist/index.js:915:20"],"meta":{}},{"ancestorTitles":["🔥 Smoke Tests - Critical User Flows","⚡ Performance Tests"],"fullName":"🔥 Smoke Tests - Critical User Flows ⚡ Performance Tests should respond to /markets/:id endpoint in <300ms","status":"passed","title":"should respond to /markets/:id endpoint in <300ms","duration":212.75712499999918,"failureMessages":[],"meta":{}},{"ancestorTitles":["🔥 Smoke Tests - Critical User Flows","🛡️ Security & Authorization"],"fullName":"🔥 Smoke Tests - Critical User Flows 🛡️ Security & Authorization should reject unauthenticated requests to protected endpoints","status":"passed","title":"should reject unauthenticated requests to protected endpoints","duration":1.6197080000001733,"failureMessages":[],"meta":{}},{"ancestorTitles":["🔥 Smoke Tests - Critical User Flows","🛡️ Security & Authorization"],"fullName":"🔥 Smoke Tests - Critical User Flows 🛡️ Security & Authorization should reject invalid tokens","status":"passed","title":"should reject invalid tokens","duration":0.8623340000003736,"failureMessages":[],"meta":{}},{"ancestorTitles":["🔥 Smoke Tests - Critical User Flows","🛡️ Security & Authorization"],"fullName":"🔥 Smoke Tests - Critical User Flows 🛡️ Security & Authorization should reject expired tokens","status":"passed","title":"should reject expired tokens","duration":0.9888750000000073,"failureMessages":[],"meta":{}},{"ancestorTitles":["🔥 Smoke Tests - Critical User Flows","📊 Data Integrity"],"fullName":"🔥 Smoke Tests - Critical User Flows 📊 Data Integrity should return serialized market data with id field (not _id)","status":"passed","title":"should return serialized market data with id field (not _id)","duration":412.5002080000004,"failureMessages":[],"meta":{}},{"ancestorTitles":["🔥 Smoke Tests - Critical User Flows","📊 Data Integrity"],"fullName":"🔥 Smoke Tests - Critical User Flows 📊 Data Integrity should return flattened location structure","status":"passed","title":"should return flattened location structure","duration":203.6570839999995,"failureMessages":[],"meta":{}},{"ancestorTitles":["🏃 Quick Health Check"],"fullName":"🏃 Quick Health Check should respond to health check endpoint","status":"passed","title":"should respond to health check endpoint","duration":1.7637919999997393,"failureMessages":[],"meta":{}}],"startTime":1770375448754,"endTime":1770375454843.7637,"status":"failed","message":"","name":"/Users/sadoway/Documents/VS Code/rumfor 2026/rumfor-vpopcan/rumfor-market-tracker/tests/smoke.test.ts"}]}